#
# A fatal error has been detected by the Java Runtime Environment:
#
#  EXCEPTION_ACCESS_VIOLATION (0xc0000005) at pc=0x00000000766aa883, pid=24540, tid=0x0000000000004974
#
# JRE version: OpenJDK Runtime Environment (8.0_201-b09) (build 1.8.0_201-1-ojdkbuild-b09)
# Java VM: OpenJDK 64-Bit Server VM (25.201-b09 mixed mode windows-amd64 compressed oops)
# Problematic frame:
# V  [jvm.dll+0xda883]
#
# Failed to write core dump. Minidumps are not enabled by default on client versions of Windows
#
# If you would like to submit a bug report, please visit:
#   http://bugreport.java.com/bugreport/crash.jsp
#

---------------  T H R E A D  ---------------

Current thread (0x0000000021331800):  VMThread [stack: 0x0000000022750000,0x0000000022850000] [id=18804]

siginfo: ExceptionCode=0xc0000005, reading address 0xffffffffffffffff

Registers:
RAX=0x000000000000002f, RBX=0x000000002284f5e0, RCX=0x000000002284f5e0, RDX=0xffffffffffff846f
RSP=0x000000002284f390, RBP=0x000000002284f400, RSI=0x000000002284f5e0, RDI=0x00000000000000a7
R8 =0x000000000000002f, R9 =0x00000000033484e0, R10=0x03fffffffffffe11, R11=0x0000000020d40442
R12=0x0000000000000000, R13=0x00000000766aa860, R14=0x000000000000005a, R15=0x0000000000000001
RIP=0x00000000766aa883, EFLAGS=0x0000000000010a07

Top of Stack: (sp=0x000000002284f390)
0x000000002284f390:   000000002284f5e0 000000002284f400
0x000000002284f3a0:   000000000000005a 00000000031af2e0
0x000000002284f3b0:   000000002284f5e0 00000000766ac690
0x000000002284f3c0:   0000000022841584 000000002284f5e0
0x000000002284f3d0:   000000002284f5e0 00000000766ac146
0x000000002284f3e0:   000000002284f450 000000002284f449
0x000000002284f3f0:   00000000ffffff8e 00000000766ac146
0x000000002284f400:   00000000000003d8 0000000003348818
0x000000002284f410:   0000000000000000 00000000000000a7
0x000000002284f420:   0000000021331800 00000000766ad0f4
0x000000002284f430:   000000002284f5e0 0000000000000000
0x000000002284f440:   000000000000005a 0000000000000058
0x000000002284f450:   0000000020d40538 0000000021331800
0x000000002284f460:   0000005d0000005a 000000a70000009b
0x000000002284f470:   0000000021e90000 00000000000000a7
0x000000002284f480:   0000000000000003 00000000000003d8 

Instructions: (pc=0x00000000766aa883)
0x00000000766aa863:   83 ec 20 4c 8b 89 90 00 00 00 48 63 d2 48 8b d9
0x00000000766aa873:   0f b6 c2 4c 8b d2 24 3f 49 c1 ea 06 44 0f b6 c0
0x00000000766aa883:   4b 8b 04 d1 4c 0f a3 c0 72 0f 48 83 c1 70 41 b0
0x00000000766aa893:   01 e8 77 6f 18 00 ff 43 6c 48 83 c4 20 5b c3 cc 


Register to memory mapping:

RAX=0x000000000000002f is an unknown value
RBX=0x000000002284f5e0 is an unknown value
RCX=0x000000002284f5e0 is an unknown value
RDX=0xffffffffffff846f is an unknown value
RSP=0x000000002284f390 is an unknown value
RBP=0x000000002284f400 is an unknown value
RSI=0x000000002284f5e0 is an unknown value
RDI=0x00000000000000a7 is an unknown value
R8 =0x000000000000002f is an unknown value
R9 =0x00000000033484e0 is an unknown value
R10=0x03fffffffffffe11 is an unknown value
R11=0x0000000020d40442 is pointing into metadata
R12=0x0000000000000000 is an unknown value
R13=0x00000000766aa860 is an unknown value
R14=0x000000000000005a is an unknown value
R15=0x0000000000000001 is an unknown value


Stack: [0x0000000022750000,0x0000000022850000],  sp=0x000000002284f390,  free space=1020k
Native frames: (J=compiled Java code, j=interpreted, Vv=VM code, C=native code)
V  [jvm.dll+0xda883]
V  [jvm.dll+0xdc690]
V  [jvm.dll+0xdd0f4]
V  [jvm.dll+0xe04d4]
V  [jvm.dll+0xa17ae]
V  [jvm.dll+0xa1e38]
V  [jvm.dll+0xa1f6a]
V  [jvm.dll+0xa2168]
V  [jvm.dll+0xecc7a]
V  [jvm.dll+0x115bbf]
V  [jvm.dll+0x1ab9ef]
V  [jvm.dll+0x238407]
V  [jvm.dll+0x2376b2]
V  [jvm.dll+0x237b31]
V  [jvm.dll+0x237d4e]
V  [jvm.dll+0x283bda]
C  [msvcr100.dll+0x21d9f]
C  [msvcr100.dll+0x21e3b]
C  [KERNEL32.DLL+0x17bd4]
C  [ntdll.dll+0x6ce51]

VM_Operation (0x0000000022d4f260): GetOrSetLocal, mode: safepoint, requested by thread 0x0000000021ea9000


---------------  P R O C E S S  ---------------

Java Threads: ( => current thread )
  0x0000000021f44800 JavaThread "Service Thread" daemon [_thread_blocked, id=32996, stack(0x0000000023250000,0x0000000023350000)]
  0x0000000021f21800 JavaThread "C1 CompilerThread2" daemon [_thread_blocked, id=29148, stack(0x0000000023150000,0x0000000023250000)]
  0x0000000021eee000 JavaThread "C2 CompilerThread1" daemon [_thread_blocked, id=18048, stack(0x0000000023050000,0x0000000023150000)]
  0x0000000021ec9800 JavaThread "C2 CompilerThread0" daemon [_thread_blocked, id=22072, stack(0x0000000022f50000,0x0000000023050000)]
  0x0000000021eb9000 JavaThread "JDWP Command Reader" daemon [_thread_in_native, id=29964, stack(0x0000000022e50000,0x0000000022f50000)]
  0x0000000021eb6000 JavaThread "JDWP Event Helper Thread" daemon [_thread_blocked, id=2448, stack(0x0000000022d50000,0x0000000022e50000)]
  0x0000000021ea9000 JavaThread "JDWP Transport Listener: dt_socket" daemon [_thread_blocked, id=9900, stack(0x0000000022c50000,0x0000000022d50000)]
  0x0000000021e95800 JavaThread "Attach Listener" daemon [_thread_blocked, id=32360, stack(0x0000000022b50000,0x0000000022c50000)]
  0x0000000021e94000 JavaThread "Signal Dispatcher" daemon [_thread_blocked, id=6368, stack(0x0000000022a50000,0x0000000022b50000)]
  0x000000002133d800 JavaThread "Finalizer" daemon [_thread_blocked, id=10200, stack(0x0000000022950000,0x0000000022a50000)]
  0x0000000021338000 JavaThread "Reference Handler" daemon [_thread_blocked, id=11876, stack(0x0000000022850000,0x0000000022950000)]
  0x00000000032c4800 JavaThread "main" [_thread_blocked, id=6616, stack(0x00000000030b0000,0x00000000031b0000)]

Other Threads:
=>0x0000000021331800 VMThread [stack: 0x0000000022750000,0x0000000022850000] [id=18804]
  0x0000000021f49800 WatcherThread [stack: 0x0000000023350000,0x0000000023450000] [id=28140]

VM state:at safepoint (normal execution)

VM Mutex/Monitor currently owned by a thread:  ([mutex/lock_event])
[0x000000000327c6f0] Threads_lock - owner thread: 0x0000000021331800

heap address: 0x0000000643a00000, size: 6086 MB, Compressed Oops mode: Zero based, Oop shift amount: 3
Narrow klass base: 0x0000000000000000, Narrow klass shift: 3
Compressed class space size: 1073741824 Address: 0x00000007c0000000

Heap:
 PSYoungGen      total 114176K, used 5898K [0x0000000741380000, 0x0000000749280000, 0x00000007c0000000)
  eden space 98304K, 6% used [0x0000000741380000,0x0000000741942930,0x0000000747380000)
  from space 15872K, 0% used [0x0000000748300000,0x0000000748300000,0x0000000749280000)
  to   space 15872K, 0% used [0x0000000747380000,0x0000000747380000,0x0000000748300000)
 ParOldGen       total 261120K, used 0K [0x0000000643a00000, 0x0000000653900000, 0x0000000741380000)
  object space 261120K, 0% used [0x0000000643a00000,0x0000000643a00000,0x0000000653900000)
 Metaspace       used 3904K, capacity 4640K, committed 4864K, reserved 1056768K
  class space    used 382K, capacity 392K, committed 512K, reserved 1048576K

Card table byte_map: [0x0000000012740000,0x0000000013330000] byte_map_base: 0x000000000f523000

Marking Bits: (ParMarkBitMap*) 0x0000000076e0beb0
 Begin Bits: [0x0000000013f20000, 0x0000000019e38000)
 End Bits:   [0x0000000019e38000, 0x000000001fd50000)

Polling page: 0x0000000000df0000

CodeCache: size=245760Kb used=1176Kb max_used=1176Kb free=244583Kb
 bounds [0x0000000003380000, 0x00000000035f0000, 0x0000000012380000]
 total_blobs=304 nmethods=66 adapters=160
 compilation: enabled

Compilation events (128 events):
Event: 0.313 Thread 0x0000000021f21800    1       3       java.lang.String::equals (81 bytes)
Event: 0.314 Thread 0x0000000021f21800 nmethod 1 0x0000000003481510 code [0x00000000034816a0, 0x0000000003481c10]
Event: 0.315 Thread 0x0000000021f21800    2       3       java.lang.String::hashCode (55 bytes)
Event: 0.316 Thread 0x0000000021f21800 nmethod 2 0x0000000003480c10 code [0x0000000003480d80, 0x0000000003481010]
Event: 0.318 Thread 0x0000000021f21800    3       3       java.lang.Math::min (11 bytes)
Event: 0.319 Thread 0x0000000021f21800 nmethod 3 0x0000000003483750 code [0x00000000034838a0, 0x0000000003483a30]
Event: 0.319 Thread 0x0000000021f21800    4       3       java.lang.String::indexOf (70 bytes)
Event: 0.319 Thread 0x0000000021f21800 nmethod 4 0x0000000003483090 code [0x0000000003483220, 0x00000000034835e8]
Event: 0.319 Thread 0x0000000021ec9800    5       4       java.lang.String::charAt (29 bytes)
Event: 0.319 Thread 0x0000000021f21800    6       3       java.lang.AbstractStringBuilder::ensureCapacityInternal (27 bytes)
Event: 0.320 Thread 0x0000000021f21800 nmethod 6 0x0000000003482890 code [0x0000000003482a20, 0x0000000003482eb8]
Event: 0.320 Thread 0x0000000021f21800    7       3       java.lang.CharacterData::of (120 bytes)
Event: 0.320 Thread 0x0000000021f21800 nmethod 7 0x000000000348ba10 code [0x000000000348bbc0, 0x000000000348c170]
Event: 0.320 Thread 0x0000000021f21800    9       3       java.lang.Character::toLowerCase (9 bytes)
Event: 0.320 Thread 0x0000000021f21800 nmethod 9 0x000000000348c3d0 code [0x000000000348c540, 0x000000000348c778]
Event: 0.320 Thread 0x0000000021f21800   10       3       java.lang.CharacterDataLatin1::toLowerCase (39 bytes)
Event: 0.321 Thread 0x0000000021f21800 nmethod 10 0x000000000348c850 code [0x000000000348c9c0, 0x000000000348cc30]
Event: 0.321 Thread 0x0000000021f21800    8       3       java.lang.CharacterDataLatin1::getProperties (11 bytes)
Event: 0.321 Thread 0x0000000021f21800 nmethod 8 0x000000000348fa90 code [0x000000000348fbe0, 0x000000000348fd70]
Event: 0.321 Thread 0x0000000021ec9800 nmethod 5 0x0000000003482510 code [0x0000000003482660, 0x0000000003482758]
Event: 0.321 Thread 0x0000000021f21800   11       3       java.lang.AbstractStringBuilder::append (29 bytes)
Event: 0.322 Thread 0x0000000021eee000   12       4       java.lang.String::length (6 bytes)
Event: 0.322 Thread 0x0000000021f21800 nmethod 11 0x000000000348f0d0 code [0x000000000348f280, 0x000000000348f7d8]
Event: 0.322 Thread 0x0000000021f21800   13       3       java.lang.StringBuilder::append (8 bytes)
Event: 0.322 Thread 0x0000000021eee000 nmethod 12 0x000000000348d950 code [0x000000000348da80, 0x000000000348db18]
Event: 0.323 Thread 0x0000000021f21800 nmethod 13 0x000000000348ce90 code [0x000000000348d040, 0x000000000348d5f8]
Event: 0.323 Thread 0x0000000021f21800   16       3       java.lang.Object::<init> (1 bytes)
Event: 0.323 Thread 0x0000000021f21800 nmethod 16 0x000000000348ed90 code [0x000000000348eee0, 0x000000000348f030]
Event: 0.323 Thread 0x0000000021f21800   14       3       java.io.WinNTFileSystem::isSlash (18 bytes)
Event: 0.323 Thread 0x0000000021f21800 nmethod 14 0x000000000348e9d0 code [0x000000000348eb20, 0x000000000348ed10]
Event: 0.323 Thread 0x0000000021f21800   15  s    3       java.lang.StringBuffer::append (13 bytes)
Event: 0.323 Thread 0x0000000021f21800 nmethod 15 0x00000000034908d0 code [0x0000000003490a80, 0x00000000034911b8]
Event: 0.324 Thread 0x0000000021f21800   18       3       java.util.Arrays::copyOfRange (63 bytes)
Event: 0.325 Thread 0x0000000021f21800 nmethod 18 0x00000000034915d0 code [0x00000000034917e0, 0x0000000003492358]
Event: 0.325 Thread 0x0000000021f21800   19       3       java.lang.String::getChars (62 bytes)
Event: 0.326 Thread 0x0000000021f21800 nmethod 19 0x000000000348dcd0 code [0x000000000348dea0, 0x000000000348e358]
Event: 0.326 Thread 0x0000000021f21800   20       1       java.lang.Object::<init> (1 bytes)
Event: 0.326 Thread 0x0000000021f21800 nmethod 20 0x0000000003490610 code [0x0000000003490760, 0x0000000003490870]
Event: 0.362 Thread 0x0000000021f21800   23       3       java.lang.String::<init> (82 bytes)
Event: 0.362 Thread 0x0000000021f21800 nmethod 23 0x0000000003492f50 code [0x0000000003493120, 0x0000000003493658]
Event: 0.362 Thread 0x0000000021f21800   21       3       java.lang.String::indexOf (7 bytes)
Event: 0.362 Thread 0x0000000021f21800 nmethod 21 0x0000000003493990 code [0x0000000003493b00, 0x0000000003493d28]
Event: 0.362 Thread 0x0000000021f21800   22       3       java.util.HashMap::hash (20 bytes)
Event: 0.362 Thread 0x0000000021f21800 nmethod 22 0x0000000003493dd0 code [0x0000000003493f40, 0x00000000034941a8]
Event: 0.362 Thread 0x0000000021f21800   24       3       java.util.HashMap::newNode (13 bytes)
Event: 0.363 Thread 0x0000000021f21800 nmethod 24 0x0000000003494250 code [0x00000000034943c0, 0x0000000003494670]
Event: 0.363 Thread 0x0000000021f21800   25       3       java.util.HashMap::afterNodeInsertion (1 bytes)
Event: 0.363 Thread 0x0000000021f21800 nmethod 25 0x00000000034947d0 code [0x0000000003494920, 0x0000000003494a70]
Event: 0.366 Thread 0x0000000021f21800   26       3       java.lang.System::getSecurityManager (4 bytes)
Event: 0.366 Thread 0x0000000021f21800 nmethod 26 0x0000000003495490 code [0x00000000034955e0, 0x0000000003495730]
Event: 0.369 Thread 0x0000000021f21800   27       3       java.util.BitSet::wordIndex (5 bytes)
Event: 0.369 Thread 0x0000000021f21800 nmethod 27 0x0000000003495790 code [0x00000000034958e0, 0x0000000003495a10]
Event: 0.369 Thread 0x0000000021f21800   28       3       java.util.BitSet::checkInvariants (111 bytes)
Event: 0.369 Thread 0x0000000021f21800 nmethod 28 0x0000000003495a90 code [0x0000000003495be0, 0x0000000003495d70]
Event: 0.370 Thread 0x0000000021f21800   29       3       java.lang.AbstractStringBuilder::append (50 bytes)
Event: 0.371 Thread 0x0000000021f21800 nmethod 29 0x0000000003495dd0 code [0x0000000003495fa0, 0x00000000034966f8]
Event: 0.371 Thread 0x0000000021f21800   30       3       java.lang.String::toLowerCase (439 bytes)
Event: 0.373 Thread 0x0000000021f21800 nmethod 30 0x0000000003496a10 code [0x0000000003496d40, 0x0000000003498658]
Event: 0.373 Thread 0x0000000021f21800   31       3       java.lang.StringBuilder::append (8 bytes)
Event: 0.373 Thread 0x0000000021f21800 nmethod 31 0x0000000003499650 code [0x00000000034997c0, 0x0000000003499968]
Event: 0.373 Thread 0x0000000021f21800   32       1       java.io.File::getPath (5 bytes)
Event: 0.374 Thread 0x0000000021f21800 nmethod 32 0x0000000003499a10 code [0x0000000003499b60, 0x0000000003499c70]
Event: 0.375 Thread 0x0000000021f21800   33       3       sun.util.locale.LocaleUtils::isUpper (18 bytes)
Event: 0.375 Thread 0x0000000021f21800 nmethod 33 0x0000000003499cd0 code [0x0000000003499e20, 0x0000000003499ff0]
Event: 0.377 Thread 0x0000000021f21800   34       3       java.util.Arrays::copyOf (19 bytes)
Event: 0.377 Thread 0x0000000021f21800 nmethod 34 0x000000000349a050 code [0x000000000349a1c0, 0x000000000349a508]
Event: 0.380 Thread 0x0000000021f21800   35       3       java.lang.String::substring (79 bytes)
Event: 0.380 Thread 0x0000000021f21800 nmethod 35 0x000000000349a650 code [0x000000000349a820, 0x000000000349ad18]
Event: 0.382 Thread 0x0000000021f21800   36       3       java.util.jar.Attributes$Name::isValid (32 bytes)
Event: 0.382 Thread 0x0000000021ec9800   38       4       sun.misc.ASCIICaseInsensitiveComparator::toLower (16 bytes)
Event: 0.382 Thread 0x0000000021eee000   39       4       sun.misc.ASCIICaseInsensitiveComparator::isUpper (18 bytes)
Event: 0.382 Thread 0x0000000021f21800 nmethod 36 0x000000000349b3d0 code [0x000000000349b540, 0x000000000349b7f8]
Event: 0.382 Thread 0x0000000021f21800   37       3       java.util.jar.Attributes$Name::isAlpha (30 bytes)
Event: 0.382 Thread 0x0000000021eee000 nmethod 39 0x00000000034a1150 code [0x00000000034a1280, 0x00000000034a12d8]
Event: 0.382 Thread 0x0000000021f21800 nmethod 37 0x000000000349c990 code [0x000000000349cae0, 0x000000000349cd10]
Event: 0.382 Thread 0x0000000021ec9800 nmethod 38 0x000000000349c790 code [0x000000000349c8c0, 0x000000000349c918]
Event: 0.383 Thread 0x0000000021f21800   40       3       java.lang.AbstractStringBuilder::<init> (12 bytes)
Event: 0.383 Thread 0x0000000021f21800 nmethod 40 0x000000000349c310 code [0x000000000349c480, 0x000000000349c6d0]
Event: 0.385 Thread 0x0000000021f21800   41       3       java.util.concurrent.ConcurrentHashMap::tabAt (21 bytes)
Event: 0.386 Thread 0x0000000021f21800 nmethod 41 0x000000000349bb10 code [0x000000000349bc60, 0x000000000349be90]
Event: 0.387 Thread 0x0000000021f21800   43       3       java.io.BufferedInputStream::getBufIfOpen (21 bytes)
Event: 0.387 Thread 0x0000000021f21800 nmethod 43 0x00000000034a0c90 code [0x00000000034a0e00, 0x00000000034a1068]
Event: 0.387 Thread 0x0000000021f21800   44  s    3       java.io.BufferedInputStream::read (49 bytes)
Event: 0.387 Thread 0x0000000021f21800 nmethod 44 0x00000000034a0350 code [0x00000000034a0500, 0x00000000034a0a78]
Event: 0.387 Thread 0x0000000021f21800   45       3       java.io.DataInputStream::readInt (72 bytes)
Event: 0.387 Thread 0x0000000021f21800 nmethod 45 0x000000000349f9d0 code [0x000000000349fb80, 0x00000000034a0108]
Event: 0.387 Thread 0x0000000021f21800   46       3       java.lang.AbstractStringBuilder::newCapacity (39 bytes)
Event: 0.388 Thread 0x0000000021f21800 nmethod 46 0x000000000349f290 code [0x000000000349f420, 0x000000000349f828]
Event: 0.388 Thread 0x0000000021f21800   48       3       java.util.HashMap::putVal (300 bytes)
Event: 0.389 Thread 0x0000000021f21800 nmethod 48 0x000000000349d510 code [0x000000000349d780, 0x000000000349ead8]
Event: 0.389 Thread 0x0000000021f21800   49       3       java.lang.String::startsWith (72 bytes)
Event: 0.389 Thread 0x0000000021f21800 nmethod 49 0x000000000349ce90 code [0x000000000349d000, 0x000000000349d330]
Event: 0.389 Thread 0x0000000021f21800   47       3       java.util.HashMap::put (13 bytes)
Event: 0.390 Thread 0x0000000021f21800 nmethod 47 0x00000000034a1350 code [0x00000000034a14e0, 0x00000000034a1898]
Event: 0.390 Thread 0x0000000021f21800   50       1       java.lang.ref.Reference::get (5 bytes)
Event: 0.390 Thread 0x0000000021f21800 nmethod 50 0x00000000034a19d0 code [0x00000000034a1b20, 0x00000000034a1c30]
Event: 0.390 Thread 0x0000000021f21800   51       1       java.util.ArrayList::size (5 bytes)
Event: 0.390 Thread 0x0000000021f21800 nmethod 51 0x00000000034a1c90 code [0x00000000034a1de0, 0x00000000034a1ef0]
Event: 0.392 Thread 0x0000000021f21800   52       3       java.util.concurrent.ConcurrentHashMap::spread (10 bytes)
Event: 0.392 Thread 0x0000000021f21800 nmethod 52 0x00000000034a2990 code [0x00000000034a2ae0, 0x00000000034a2c30]
Event: 0.392 Thread 0x0000000021f21800   56       3       java.util.regex.Pattern::isSupplementary (20 bytes)
Event: 0.392 Thread 0x0000000021f21800 nmethod 56 0x00000000034a2c90 code [0x00000000034a2e00, 0x00000000034a30d0]
Event: 0.392 Thread 0x0000000021f21800   58       3       java.lang.String::codePointAt (36 bytes)
Event: 0.392 Thread 0x0000000021f21800 nmethod 58 0x00000000034a3190 code [0x00000000034a3320, 0x00000000034a35b8]
Event: 0.392 Thread 0x0000000021f21800   57       3       java.lang.Character::isSurrogate (18 bytes)
Event: 0.392 Thread 0x0000000021f21800 nmethod 57 0x00000000034a3710 code [0x00000000034a3860, 0x00000000034a3a30]
Event: 0.392 Thread 0x0000000021f21800   55       3       java.lang.Character::charCount (12 bytes)
Event: 0.392 Thread 0x0000000021f21800 nmethod 55 0x00000000034a3a90 code [0x00000000034a3be0, 0x00000000034a3d70]
Event: 0.392 Thread 0x0000000021f21800   53       3       java.lang.Character::codePointAtImpl (41 bytes)
Event: 0.393 Thread 0x0000000021f21800 nmethod 53 0x00000000034a3dd0 code [0x00000000034a3f60, 0x00000000034a43f0]
Event: 0.393 Thread 0x0000000021f21800   54       3       java.lang.Character::isHighSurrogate (18 bytes)
Event: 0.393 Thread 0x0000000021f21800 nmethod 54 0x00000000034a45d0 code [0x00000000034a4720, 0x00000000034a48f0]
Event: 0.393 Thread 0x0000000021f21800   59       3       java.util.regex.Pattern::has (15 bytes)
Event: 0.393 Thread 0x0000000021f21800 nmethod 59 0x00000000034a4950 code [0x00000000034a4aa0, 0x00000000034a4c50]
Event: 0.393 Thread 0x0000000021f21800   60       3       java.util.regex.ASCII::isAscii (13 bytes)
Event: 0.393 Thread 0x0000000021f21800 nmethod 60 0x00000000034a4cd0 code [0x00000000034a4e20, 0x00000000034a4fb0]
Event: 0.393 Thread 0x0000000021f21800   61       3       java.util.regex.Pattern::peek (26 bytes)
Event: 0.393 Thread 0x0000000021f21800 nmethod 61 0x00000000034a5010 code [0x00000000034a5180, 0x00000000034a5448]
Event: 0.393 Thread 0x0000000021f21800   62       3       java.lang.Character::isBmpCodePoint (13 bytes)
Event: 0.393 Thread 0x0000000021f21800 nmethod 62 0x00000000034a5590 code [0x00000000034a56e0, 0x00000000034a5870]
Event: 0.393 Thread 0x0000000021f21800   63       3       java.util.regex.Pattern::next (33 bytes)
Event: 0.393 Thread 0x0000000021f21800 nmethod 63 0x00000000034a58d0 code [0x00000000034a5a40, 0x00000000034a5d28]
Event: 0.393 Thread 0x0000000021f21800   64       1       java.util.regex.Pattern::flags (5 bytes)
Event: 0.394 Thread 0x0000000021f21800 nmethod 64 0x00000000034a5e50 code [0x00000000034a5fa0, 0x00000000034a60b0]
Event: 0.394 Thread 0x0000000021f21800   65       1       java.nio.Buffer::position (5 bytes)
Event: 0.394 Thread 0x0000000021f21800 nmethod 65 0x00000000034a6110 code [0x00000000034a6260, 0x00000000034a6370]
Event: 1.499 Thread 0x0000000021f21800   66       1       java.nio.Buffer::limit (5 bytes)
Event: 1.499 Thread 0x0000000021f21800 nmethod 66 0x00000000034a63d0 code [0x00000000034a6520, 0x00000000034a6630]

GC Heap History (0 events):
No events

Deoptimization events (0 events):
No events

Classes redefined (5 events):
Event: 6.491 Thread 0x0000000021331800 redefined class name=Java.Main, count=1
Event: 240.002 Thread 0x0000000021331800 redefined class name=Java.Main, count=2
Event: 304.417 Thread 0x0000000021331800 redefined class name=Java.Main, count=3
Event: 342.865 Thread 0x0000000021331800 redefined class name=Java.Main, count=4
Event: 379.468 Thread 0x0000000021331800 redefined class name=Java.Main, count=5

Internal exceptions (8 events):
Event: 0.059 Thread 0x00000000032c4800 Exception <a 'java/lang/NoSuchMethodError': Method sun.misc.Unsafe.defineClass(Ljava/lang/String;[BII)Ljava/lang/Class; name or signature does not match> (0x0000000741387cb0) thrown at [C:\ojdkbuild\lookaside\java-1.8.0-openjdk\hotspot\src\share\vm\prims\
Event: 0.059 Thread 0x00000000032c4800 Exception <a 'java/lang/NoSuchMethodError': Method sun.misc.Unsafe.prefetchRead(Ljava/lang/Object;J)V name or signature does not match> (0x0000000741387f98) thrown at [C:\ojdkbuild\lookaside\java-1.8.0-openjdk\hotspot\src\share\vm\prims\jni.cpp, line 4017
Event: 0.372 Thread 0x00000000032c4800 Exception <a 'java/security/PrivilegedActionException'> (0x000000074145d288) thrown at [C:\ojdkbuild\lookaside\java-1.8.0-openjdk\hotspot\src\share\vm\prims\jvm.cpp, line 1512]
Event: 0.372 Thread 0x00000000032c4800 Exception <a 'java/security/PrivilegedActionException'> (0x000000074145d680) thrown at [C:\ojdkbuild\lookaside\java-1.8.0-openjdk\hotspot\src\share\vm\prims\jvm.cpp, line 1512]
Event: 0.373 Thread 0x00000000032c4800 Exception <a 'java/security/PrivilegedActionException'> (0x00000007414619a0) thrown at [C:\ojdkbuild\lookaside\java-1.8.0-openjdk\hotspot\src\share\vm\prims\jvm.cpp, line 1512]
Event: 0.373 Thread 0x00000000032c4800 Exception <a 'java/security/PrivilegedActionException'> (0x0000000741461d98) thrown at [C:\ojdkbuild\lookaside\java-1.8.0-openjdk\hotspot\src\share\vm\prims\jvm.cpp, line 1512]
Event: 0.373 Thread 0x00000000032c4800 Exception <a 'java/security/PrivilegedActionException'> (0x0000000741463640) thrown at [C:\ojdkbuild\lookaside\java-1.8.0-openjdk\hotspot\src\share\vm\prims\jvm.cpp, line 1512]
Event: 0.373 Thread 0x00000000032c4800 Exception <a 'java/security/PrivilegedActionException'> (0x0000000741463a38) thrown at [C:\ojdkbuild\lookaside\java-1.8.0-openjdk\hotspot\src\share\vm\prims\jvm.cpp, line 1512]

Events (250 events):
Event: 55.343 Executing VM operation: GetOrSetLocal done
Event: 55.343 Executing VM operation: GetOrSetLocal
Event: 55.343 Executing VM operation: GetOrSetLocal done
Event: 55.343 Executing VM operation: GetOrSetLocal
Event: 55.343 Executing VM operation: GetOrSetLocal done
Event: 55.344 Executing VM operation: GetOrSetLocal
Event: 55.344 Executing VM operation: GetOrSetLocal done
Event: 55.344 Executing VM operation: GetOrSetLocal
Event: 55.344 Executing VM operation: GetOrSetLocal done
Event: 55.344 Executing VM operation: GetOrSetLocal
Event: 55.344 Executing VM operation: GetOrSetLocal done
Event: 55.345 Executing VM operation: GetOrSetLocal
Event: 55.345 Executing VM operation: GetOrSetLocal done
Event: 55.345 Executing VM operation: GetOrSetLocal
Event: 55.345 Executing VM operation: GetOrSetLocal done
Event: 55.345 Executing VM operation: GetOrSetLocal
Event: 55.345 Executing VM operation: GetOrSetLocal done
Event: 55.346 Executing VM operation: GetOrSetLocal
Event: 55.346 Executing VM operation: GetOrSetLocal done
Event: 55.346 Executing VM operation: GetOwnedMonitorInfo
Event: 55.346 Executing VM operation: GetOwnedMonitorInfo done
Event: 55.346 Executing VM operation: GetOrSetLocal
Event: 55.346 Executing VM operation: GetOrSetLocal done
Event: 55.346 Executing VM operation: GetCurrentContendedMonitor
Event: 55.346 Executing VM operation: GetCurrentContendedMonitor done
Event: 55.346 Executing VM operation: GetOrSetLocal
Event: 55.346 Executing VM operation: GetOrSetLocal done
Event: 55.346 Executing VM operation: GetOrSetLocal
Event: 55.347 Executing VM operation: GetOrSetLocal done
Event: 55.347 Executing VM operation: GetOrSetLocal
Event: 55.347 Executing VM operation: GetOrSetLocal done
Event: 55.347 Executing VM operation: GetOrSetLocal
Event: 55.347 Executing VM operation: GetOrSetLocal done
Event: 55.347 Executing VM operation: GetOrSetLocal
Event: 55.347 Executing VM operation: GetOrSetLocal done
Event: 55.347 Executing VM operation: GetOrSetLocal
Event: 55.347 Executing VM operation: GetOrSetLocal done
Event: 55.348 Executing VM operation: GetOrSetLocal
Event: 55.348 Executing VM operation: GetOrSetLocal done
Event: 55.348 Executing VM operation: GetOrSetLocal
Event: 55.348 Executing VM operation: GetOrSetLocal done
Event: 55.348 Executing VM operation: GetOrSetLocal
Event: 55.348 Executing VM operation: GetOrSetLocal done
Event: 55.349 Executing VM operation: GetOrSetLocal
Event: 55.349 Executing VM operation: GetOrSetLocal done
Event: 55.349 Executing VM operation: GetOrSetLocal
Event: 55.349 Executing VM operation: GetOrSetLocal done
Event: 55.349 Executing VM operation: GetOrSetLocal
Event: 55.349 Executing VM operation: GetOrSetLocal done
Event: 55.350 Executing VM operation: GetOrSetLocal
Event: 55.350 Executing VM operation: GetOrSetLocal done
Event: 55.350 Executing VM operation: GetOrSetLocal
Event: 55.350 Executing VM operation: GetOrSetLocal done
Event: 55.350 Executing VM operation: GetOrSetLocal
Event: 55.350 Executing VM operation: GetOrSetLocal done
Event: 55.351 Executing VM operation: GetOrSetLocal
Event: 55.351 Executing VM operation: GetOrSetLocal done
Event: 55.351 Executing VM operation: GetOrSetLocal
Event: 55.351 Executing VM operation: GetOrSetLocal done
Event: 55.351 Executing VM operation: GetOrSetLocal
Event: 55.351 Executing VM operation: GetOrSetLocal done
Event: 55.352 Executing VM operation: GetOrSetLocal
Event: 55.352 Executing VM operation: GetOrSetLocal done
Event: 55.352 Executing VM operation: GetOrSetLocal
Event: 55.352 Executing VM operation: GetOrSetLocal done
Event: 55.352 Executing VM operation: GetOrSetLocal
Event: 55.353 Executing VM operation: GetOrSetLocal done
Event: 55.353 Executing VM operation: GetOrSetLocal
Event: 55.353 Executing VM operation: GetOrSetLocal done
Event: 55.353 Executing VM operation: GetOrSetLocal
Event: 55.353 Executing VM operation: GetOrSetLocal done
Event: 55.354 Executing VM operation: GetOrSetLocal
Event: 55.354 Executing VM operation: GetOrSetLocal done
Event: 55.354 Executing VM operation: GetOrSetLocal
Event: 55.354 Executing VM operation: GetOrSetLocal done
Event: 55.355 Executing VM operation: GetOrSetLocal
Event: 55.355 Executing VM operation: GetOrSetLocal done
Event: 58.977 Executing VM operation: ChangeBreakpoints
Event: 58.977 Executing VM operation: ChangeBreakpoints done
Event: 59.177 Executing VM operation: GetCurrentContendedMonitor
Event: 59.177 Executing VM operation: GetCurrentContendedMonitor done
Event: 59.177 Executing VM operation: GetOwnedMonitorInfo
Event: 59.177 Executing VM operation: GetOwnedMonitorInfo done
Event: 59.178 Executing VM operation: GetOwnedMonitorInfo
Event: 59.178 Executing VM operation: GetOwnedMonitorInfo done
Event: 59.179 Executing VM operation: GetCurrentContendedMonitor
Event: 59.179 Executing VM operation: GetCurrentContendedMonitor done
Event: 59.179 Executing VM operation: GetOwnedMonitorInfo
Event: 59.179 Executing VM operation: GetOwnedMonitorInfo done
Event: 59.179 Executing VM operation: GetCurrentContendedMonitor
Event: 59.179 Executing VM operation: GetCurrentContendedMonitor done
Event: 59.180 Executing VM operation: GetCurrentContendedMonitor
Event: 59.180 Executing VM operation: GetCurrentContendedMonitor done
Event: 59.180 Executing VM operation: GetOwnedMonitorInfo
Event: 59.180 Executing VM operation: GetOwnedMonitorInfo done
Event: 59.180 Executing VM operation: GetOwnedMonitorInfo
Event: 59.180 Executing VM operation: GetOwnedMonitorInfo done
Event: 59.180 Executing VM operation: GetCurrentContendedMonitor
Event: 59.180 Executing VM operation: GetCurrentContendedMonitor done
Event: 59.244 Executing VM operation: GetOwnedMonitorInfo
Event: 59.244 Executing VM operation: GetOwnedMonitorInfo done
Event: 59.245 Executing VM operation: GetCurrentContendedMonitor
Event: 59.245 Executing VM operation: GetCurrentContendedMonitor done
Event: 59.284 Executing VM operation: GetOrSetLocal
Event: 59.284 Executing VM operation: GetOrSetLocal done
Event: 59.284 Executing VM operation: GetOrSetLocal
Event: 59.284 Executing VM operation: GetOrSetLocal done
Event: 59.285 Executing VM operation: GetOrSetLocal
Event: 59.285 Executing VM operation: GetOrSetLocal done
Event: 59.285 Executing VM operation: GetOrSetLocal
Event: 59.285 Executing VM operation: GetOrSetLocal done
Event: 59.285 Executing VM operation: GetOrSetLocal
Event: 59.285 Executing VM operation: GetOrSetLocal done
Event: 59.286 Executing VM operation: GetOrSetLocal
Event: 59.286 Executing VM operation: GetOrSetLocal done
Event: 59.286 Executing VM operation: GetOrSetLocal
Event: 59.286 Executing VM operation: GetOrSetLocal done
Event: 59.287 Executing VM operation: GetOrSetLocal
Event: 59.287 Executing VM operation: GetOrSetLocal done
Event: 59.287 Executing VM operation: GetOrSetLocal
Event: 59.287 Executing VM operation: GetOrSetLocal done
Event: 59.287 Executing VM operation: GetOrSetLocal
Event: 59.287 Executing VM operation: GetOrSetLocal done
Event: 59.288 Executing VM operation: GetOrSetLocal
Event: 59.288 Executing VM operation: GetOrSetLocal done
Event: 59.288 Executing VM operation: GetOrSetLocal
Event: 59.288 Executing VM operation: GetOrSetLocal done
Event: 59.288 Executing VM operation: GetOrSetLocal
Event: 59.288 Executing VM operation: GetOrSetLocal done
Event: 59.289 Executing VM operation: GetOrSetLocal
Event: 59.289 Executing VM operation: GetOrSetLocal done
Event: 59.289 Executing VM operation: GetOrSetLocal
Event: 59.289 Executing VM operation: GetOrSetLocal done
Event: 59.289 Executing VM operation: GetOrSetLocal
Event: 59.289 Executing VM operation: GetOrSetLocal done
Event: 59.290 Executing VM operation: GetOrSetLocal
Event: 59.290 Executing VM operation: GetOrSetLocal done
Event: 59.290 Executing VM operation: GetOrSetLocal
Event: 59.290 Executing VM operation: GetOrSetLocal done
Event: 59.290 Executing VM operation: GetOrSetLocal
Event: 59.290 Executing VM operation: GetOrSetLocal done
Event: 59.291 Executing VM operation: GetOrSetLocal
Event: 59.291 Executing VM operation: GetOrSetLocal done
Event: 59.291 Executing VM operation: GetOrSetLocal
Event: 59.291 Executing VM operation: GetOrSetLocal done
Event: 59.292 Executing VM operation: GetOrSetLocal
Event: 59.292 Executing VM operation: GetOrSetLocal done
Event: 59.292 Executing VM operation: GetOwnedMonitorInfo
Event: 59.292 Executing VM operation: GetOwnedMonitorInfo done
Event: 59.292 Executing VM operation: GetOrSetLocal
Event: 59.292 Executing VM operation: GetOrSetLocal done
Event: 59.292 Executing VM operation: GetCurrentContendedMonitor
Event: 59.292 Executing VM operation: GetCurrentContendedMonitor done
Event: 59.293 Executing VM operation: GetOrSetLocal
Event: 59.293 Executing VM operation: GetOrSetLocal done
Event: 59.294 Executing VM operation: GetOrSetLocal
Event: 59.294 Executing VM operation: GetOrSetLocal done
Event: 59.294 Executing VM operation: GetOrSetLocal
Event: 59.294 Executing VM operation: GetOrSetLocal done
Event: 59.295 Executing VM operation: GetOrSetLocal
Event: 59.295 Executing VM operation: GetOrSetLocal done
Event: 59.295 Executing VM operation: GetOrSetLocal
Event: 59.295 Executing VM operation: GetOrSetLocal done
Event: 59.295 Executing VM operation: GetOrSetLocal
Event: 59.295 Executing VM operation: GetOrSetLocal done
Event: 59.296 Executing VM operation: GetOrSetLocal
Event: 59.296 Executing VM operation: GetOrSetLocal done
Event: 59.296 Executing VM operation: GetOrSetLocal
Event: 59.296 Executing VM operation: GetOrSetLocal done
Event: 59.296 Executing VM operation: GetOrSetLocal
Event: 59.297 Executing VM operation: GetOrSetLocal done
Event: 59.297 Executing VM operation: GetOrSetLocal
Event: 59.297 Executing VM operation: GetOrSetLocal done
Event: 59.297 Executing VM operation: GetOrSetLocal
Event: 59.297 Executing VM operation: GetOrSetLocal done
Event: 59.298 Executing VM operation: GetOrSetLocal
Event: 59.298 Executing VM operation: GetOrSetLocal done
Event: 59.298 Executing VM operation: GetOrSetLocal
Event: 59.298 Executing VM operation: GetOrSetLocal done
Event: 59.299 Executing VM operation: GetOrSetLocal
Event: 59.299 Executing VM operation: GetOrSetLocal done
Event: 59.299 Executing VM operation: GetOrSetLocal
Event: 59.299 Executing VM operation: GetOrSetLocal done
Event: 59.299 Executing VM operation: GetOrSetLocal
Event: 59.300 Executing VM operation: GetOrSetLocal done
Event: 59.300 Executing VM operation: GetOrSetLocal
Event: 59.300 Executing VM operation: GetOrSetLocal done
Event: 64.258 Executing VM operation: GetOrSetLocal
Event: 64.258 Executing VM operation: GetOrSetLocal done
Event: 82.015 Executing VM operation: GetOrSetLocal
Event: 82.016 Executing VM operation: GetOrSetLocal done
Event: 215.185 Executing VM operation: GetOrSetLocal
Event: 215.185 Executing VM operation: GetOrSetLocal done
Event: 239.959 Executing VM operation: ChangeBreakpoints
Event: 239.959 Executing VM operation: ChangeBreakpoints done
Event: 239.961 Executing VM operation: ChangeBreakpoints
Event: 239.961 Executing VM operation: ChangeBreakpoints done
Event: 239.962 Executing VM operation: ChangeBreakpoints
Event: 239.962 Executing VM operation: ChangeBreakpoints done
Event: 239.965 Executing VM operation: ChangeBreakpoints
Event: 239.965 Executing VM operation: ChangeBreakpoints done
Event: 240.001 Executing VM operation: RedefineClasses
Event: 240.002 Executing VM operation: RedefineClasses done
Event: 240.010 Executing VM operation: ChangeBreakpoints
Event: 240.010 Executing VM operation: ChangeBreakpoints done
Event: 240.010 Executing VM operation: ChangeBreakpoints
Event: 240.010 Executing VM operation: ChangeBreakpoints done
Event: 240.016 Executing VM operation: ChangeBreakpoints
Event: 240.017 Executing VM operation: ChangeBreakpoints done
Event: 240.040 Executing VM operation: GetOwnedMonitorInfo
Event: 240.040 Executing VM operation: GetOwnedMonitorInfo done
Event: 240.041 Executing VM operation: GetCurrentContendedMonitor
Event: 240.041 Executing VM operation: GetCurrentContendedMonitor done
Event: 304.417 Executing VM operation: RedefineClasses
Event: 304.417 Executing VM operation: RedefineClasses done
Event: 304.425 Executing VM operation: ChangeBreakpoints
Event: 304.425 Executing VM operation: ChangeBreakpoints done
Event: 304.425 Executing VM operation: ChangeBreakpoints
Event: 304.425 Executing VM operation: ChangeBreakpoints done
Event: 304.431 Executing VM operation: ChangeBreakpoints
Event: 304.431 Executing VM operation: ChangeBreakpoints done
Event: 304.450 Executing VM operation: GetOwnedMonitorInfo
Event: 304.450 Executing VM operation: GetOwnedMonitorInfo done
Event: 304.450 Executing VM operation: GetCurrentContendedMonitor
Event: 304.450 Executing VM operation: GetCurrentContendedMonitor done
Event: 342.865 Executing VM operation: RedefineClasses
Event: 342.865 Executing VM operation: RedefineClasses done
Event: 342.871 Executing VM operation: ChangeBreakpoints
Event: 342.871 Executing VM operation: ChangeBreakpoints done
Event: 342.872 Executing VM operation: ChangeBreakpoints
Event: 342.872 Executing VM operation: ChangeBreakpoints done
Event: 342.881 Executing VM operation: ChangeBreakpoints
Event: 342.881 Executing VM operation: ChangeBreakpoints done
Event: 342.899 Executing VM operation: GetOwnedMonitorInfo
Event: 342.899 Executing VM operation: GetOwnedMonitorInfo done
Event: 342.900 Executing VM operation: GetCurrentContendedMonitor
Event: 342.900 Executing VM operation: GetCurrentContendedMonitor done
Event: 358.676 Executing VM operation: ChangeBreakpoints
Event: 358.676 Executing VM operation: ChangeBreakpoints done
Event: 358.677 Executing VM operation: ChangeBreakpoints
Event: 358.677 Executing VM operation: ChangeBreakpoints done
Event: 379.468 Executing VM operation: RedefineClasses
Event: 379.468 Executing VM operation: RedefineClasses done
Event: 379.475 Executing VM operation: ChangeBreakpoints
Event: 379.475 Executing VM operation: ChangeBreakpoints done
Event: 379.510 Executing VM operation: GetOwnedMonitorInfo
Event: 379.510 Executing VM operation: GetOwnedMonitorInfo done
Event: 379.513 Executing VM operation: GetCurrentContendedMonitor
Event: 379.513 Executing VM operation: GetCurrentContendedMonitor done
Event: 561.074 Executing VM operation: GetOrSetLocal


Dynamic libraries:
0x00007ff7aa6e0000 - 0x00007ff7aa729000 	C:\Program Files\ojdkbuild\java-1.8.0-openjdk-1.8.0.201-1\bin\javaw.exe
0x00007ffe64940000 - 0x00007ffe64b30000 	C:\WINDOWS\SYSTEM32\ntdll.dll
0x00007ffe62e70000 - 0x00007ffe62f22000 	C:\WINDOWS\System32\KERNEL32.DLL
0x00007ffe622d0000 - 0x00007ffe62574000 	C:\WINDOWS\System32\KERNELBASE.dll
0x00007ffe64270000 - 0x00007ffe64313000 	C:\WINDOWS\System32\ADVAPI32.dll
0x00007ffe64020000 - 0x00007ffe640be000 	C:\WINDOWS\System32\msvcrt.dll
0x00007ffe630d0000 - 0x00007ffe63167000 	C:\WINDOWS\System32\sechost.dll
0x00007ffe63a30000 - 0x00007ffe63b50000 	C:\WINDOWS\System32\RPCRT4.dll
0x00007ffe63170000 - 0x00007ffe63304000 	C:\WINDOWS\System32\USER32.dll
0x00007ffe62870000 - 0x00007ffe62891000 	C:\WINDOWS\System32\win32u.dll
0x00007ffe630a0000 - 0x00007ffe630c6000 	C:\WINDOWS\System32\GDI32.dll
0x00007ffe62580000 - 0x00007ffe62715000 	C:\WINDOWS\System32\gdi32full.dll
0x00007ffe627d0000 - 0x00007ffe6286e000 	C:\WINDOWS\System32\msvcp_win.dll
0x00007ffe61a20000 - 0x00007ffe61b1a000 	C:\WINDOWS\System32\ucrtbase.dll
0x00007ffe57ec0000 - 0x00007ffe58144000 	C:\WINDOWS\WinSxS\amd64_microsoft.windows.common-controls_6595b64144ccf1df_6.0.18362.900_none_e6beb9d913147d17\COMCTL32.dll
0x00007ffe62a60000 - 0x00007ffe62d95000 	C:\WINDOWS\System32\combase.dll
0x00007ffe62970000 - 0x00007ffe629f0000 	C:\WINDOWS\System32\bcryptPrimitives.dll
0x00007ffe648d0000 - 0x00007ffe648fe000 	C:\WINDOWS\System32\IMM32.DLL
0x00000000506c0000 - 0x0000000050792000 	C:\Program Files\ojdkbuild\java-1.8.0-openjdk-1.8.0.201-1\jre\bin\msvcr100.dll
0x00000000765d0000 - 0x0000000076e91000 	C:\Program Files\ojdkbuild\java-1.8.0-openjdk-1.8.0.201-1\jre\bin\server\jvm.dll
0x00007ffe63ee0000 - 0x00007ffe63ee8000 	C:\WINDOWS\System32\PSAPI.DLL
0x00007ffe58a50000 - 0x00007ffe58a74000 	C:\WINDOWS\SYSTEM32\WINMM.dll
0x00007ffe5c080000 - 0x00007ffe5c08a000 	C:\WINDOWS\SYSTEM32\VERSION.dll
0x00007ffe49f60000 - 0x00007ffe49f69000 	C:\WINDOWS\SYSTEM32\WSOCK32.dll
0x00007ffe58a10000 - 0x00007ffe58a3d000 	C:\WINDOWS\SYSTEM32\winmmbase.dll
0x00007ffe63b50000 - 0x00007ffe63bbf000 	C:\WINDOWS\System32\WS2_32.dll
0x00007ffe62920000 - 0x00007ffe6296a000 	C:\WINDOWS\System32\cfgmgr32.dll
0x00007ffe5c890000 - 0x00007ffe5c89f000 	C:\Program Files\ojdkbuild\java-1.8.0-openjdk-1.8.0.201-1\jre\bin\verify.dll
0x00007ffe52410000 - 0x00007ffe52439000 	C:\Program Files\ojdkbuild\java-1.8.0-openjdk-1.8.0.201-1\jre\bin\java.dll
0x00007ffe42900000 - 0x00007ffe42935000 	C:\Program Files\ojdkbuild\java-1.8.0-openjdk-1.8.0.201-1\jre\bin\jdwp.dll
0x00007ffe5a9b0000 - 0x00007ffe5a9b8000 	C:\Program Files\ojdkbuild\java-1.8.0-openjdk-1.8.0.201-1\jre\bin\npt.dll
0x00007ffe45620000 - 0x00007ffe45636000 	C:\Program Files\ojdkbuild\java-1.8.0-openjdk-1.8.0.201-1\jre\bin\zip.dll
0x00007ffe63310000 - 0x00007ffe639f6000 	C:\WINDOWS\System32\SHELL32.dll
0x00007ffe62f90000 - 0x00007ffe63039000 	C:\WINDOWS\System32\shcore.dll
0x00007ffe61b20000 - 0x00007ffe622a0000 	C:\WINDOWS\System32\windows.storage.dll
0x00007ffe61830000 - 0x00007ffe61853000 	C:\WINDOWS\System32\profapi.dll
0x00007ffe61880000 - 0x00007ffe618ca000 	C:\WINDOWS\System32\powrprof.dll
0x00007ffe61800000 - 0x00007ffe61810000 	C:\WINDOWS\System32\UMPDC.dll
0x00007ffe62f30000 - 0x00007ffe62f82000 	C:\WINDOWS\System32\shlwapi.dll
0x00007ffe61810000 - 0x00007ffe61821000 	C:\WINDOWS\System32\kernel.appcore.dll
0x00007ffe628a0000 - 0x00007ffe628b7000 	C:\WINDOWS\System32\cryptsp.dll
0x00007ffe52360000 - 0x00007ffe52369000 	C:\Program Files\ojdkbuild\java-1.8.0-openjdk-1.8.0.201-1\jre\bin\dt_socket.dll
0x00007ffe4b750000 - 0x00007ffe4b766000 	C:\WINDOWS\system32\napinsp.dll
0x00007ffe4b730000 - 0x00007ffe4b74a000 	C:\WINDOWS\system32\pnrpnsp.dll
0x00007ffe61070000 - 0x00007ffe610d7000 	C:\WINDOWS\System32\mswsock.dll
0x00007ffe60dc0000 - 0x00007ffe60e8b000 	C:\WINDOWS\SYSTEM32\DNSAPI.dll
0x00007ffe63d70000 - 0x00007ffe63d78000 	C:\WINDOWS\System32\NSI.dll
0x00007ffe60d80000 - 0x00007ffe60dba000 	C:\WINDOWS\SYSTEM32\IPHLPAPI.DLL
0x00007ffe4b720000 - 0x00007ffe4b72e000 	C:\WINDOWS\System32\winrnr.dll
0x00007ffe5c7b0000 - 0x00007ffe5c7cc000 	C:\WINDOWS\system32\NLAapi.dll
0x00007ffe5d510000 - 0x00007ffe5d525000 	C:\WINDOWS\system32\wshbth.dll
0x00007ffe5afd0000 - 0x00007ffe5b047000 	C:\WINDOWS\System32\fwpuclnt.dll
0x00007ffe622a0000 - 0x00007ffe622c6000 	C:\WINDOWS\System32\bcrypt.dll
0x00007ffe5c070000 - 0x00007ffe5c07a000 	C:\Windows\System32\rasadhlp.dll
0x00007ffe5b3b0000 - 0x00007ffe5b5a4000 	C:\WINDOWS\SYSTEM32\dbghelp.dll

VM Arguments:
jvm_args: -Djava.net.preferIPv4Stack=true -agentlib:jdwp=transport=dt_socket,suspend=y,address=localhost:63386 -Dfile.encoding=UTF-8 
java_command: Java.Main
java_class_path (initial): C:\Users\wony\Desktop\wony_algorithm\wony\BOJ\bin
Launcher Type: SUN_STANDARD

Environment Variables:
JAVA_HOME=C:\Program Files\Java\jdk1.8.0_241
JAVA_TOOL_OPTIONS=-Djava.net.preferIPv4Stack=true
CLASSPATH=C:\Program Files\Java\jdk1.8.0_241\lib\tools.jar
PATH=C:\Program Files\ojdkbuild\java-1.8.0-openjdk-1.8.0.201-1\jre\bin;C:\Program Files (x86)\Common Files\Oracle\Java\javapath;D:\app\wony\product\11.2.0\client_1;C:\WINDOWS\system32;C:\WINDOWS;C:\WINDOWS\System32\Wbem;C:\WINDOWS\System32\WindowsPowerShell\v1.0\;C:\Program Files\apache-maven-3.5.3\bin;C:\WINDOWS\System32\OpenSSH\;C:\Program Files\Java\heritrix-1.14.4-1\bin;C:\Program Files\Git\cmd;C:\Program Files\nodejs\;C:\Program Files (x86)\Yarn\bin\;C:\Program Files\Microsoft VS Code\bin;C:\Program Files\TortoiseSVN\bin;C:\Program Files\apache-ant-1.10.7-bin\apache-ant-1.10.7\bin;C:\Program Files\Java\jdk1.8.0_241\bin;C:\Users\wony\AppData\Local\Microsoft\WindowsApps;C:\Program Files\Microsoft VS Code\bin;C:\Program Files (x86)\Diffuse;C:\Users\wony\AppData\Local\Programs\Microsoft VS Code\bin;C:\Users\wony\AppData\Roaming\npm;C:\Users\wony\AppData\Local\Yarn\bin;C:\Program Files\ojdkbuild\java-1.8.0-openjdk-1.8.0.201-1;C:\Program Files\apache-ant-1.10.7-bin\apache-ant-1.10.7\bin;
USERNAME=wony
OS=Windows_NT
PROCESSOR_IDENTIFIER=Intel64 Family 6 Model 142 Stepping 9, GenuineIntel



---------------  S Y S T E M  ---------------

OS: Windows 10.0 , 64 bit Build 18362 (10.0.18362.900)

CPU:total 4 (initial active 4) (2 cores per cpu, 2 threads per core) family 6 model 142 stepping 9, cmov, cx8, fxsr, mmx, sse, sse2, sse3, ssse3, sse4.1, sse4.2, popcnt, avx, avx2, aes, clmul, erms, 3dnowpref, lzcnt, ht, tsc, tscinvbit, bmi1, bmi2, adx

Memory: 4k page, physical 24924464k(14813336k free), swap 28594480k(12412480k free)

vm_info: OpenJDK 64-Bit Server VM (25.201-b09) for windows-amd64 JRE (1.8.0_201-1-ojdkbuild-b09), built on Jan 24 2019 07:40:01 by "Administrator" with MS VC++ 10.0 (VS2010)

time: Wed Jun 24 17:07:26 2020
timezone: 대한민국 표준시
elapsed time: 561 seconds (0d 0h 9m 21s)

